Results generated by BModes (v1.03.01, 25-Sept-2007, compiled using double precision) on 14-Dec-2024 at 17:11:14.
Created 14-Dec-2024 17:11:14.                                                                      
=================================================================================

            rotating blade frequencies & mode shapes
            --- only first  20 modes printed


 -------- Mode No.   1  (freq = 0.53426E+00 Hz)

span_loc	flap disp	flap slope	lag disp	lag slope	twist

 0.0000	 0.000000	 0.000000	 0.000000	 0.000000	 0.000000
 0.0250	 	 	 	 	 0.000000
 0.0500	 0.000088	 0.003587	 0.000007	 0.000294	 0.000000
 0.0750	 	 	 	 	 0.000000
 0.1000	 0.000394	 0.008989	 0.000034	 0.000823	 0.000000
 0.1250	 	 	 	 	 0.000000
 0.1500	 0.001062	 0.018480	 0.000104	 0.002018	 0.000000
 0.1750	 	 	 	 	 0.000000
 0.2000	 0.002264	 0.031007	 0.000238	 0.003446	 0.000000
 0.2250	 	 	 	 	 0.000000
 0.2500	 0.004138	 0.046225	 0.000444	 0.005010	 0.000000
 0.2750	 	 	 	 	 0.000000
 0.3000	 0.006828	 0.064592	 0.000730	 0.006745	 0.000000
 0.3250	 	 	 	 	 0.000000
 0.3500	 0.010409	 0.083070	 0.001094	 0.008268	 0.000000
 0.3750	 	 	 	 	 0.000000
 0.4000	 0.014945	 0.103908	 0.001532	 0.009757	 0.000000
 0.4250	 	 	 	 	 0.000000
 0.4500	 0.020507	 0.125438	 0.002038	 0.011077	 0.000000
 0.4750	 	 	 	 	 0.000000
 0.5000	 0.027144	 0.148211	 0.002603	 0.012240	 0.000000
 0.5250	 	 	 	 	 0.000000
 0.5500	 0.034936	 0.172990	 0.003221	 0.013241	 0.000000
 0.5750	 	 	 	 	 0.000000
 0.6000	 0.043948	 0.198454	 0.003883	 0.014072	 0.000000
 0.6250	 	 	 	 	 0.000000
 0.6500	 0.054201	 0.224078	 0.004585	 0.014864	 0.000000
 0.6750	 	 	 	 	 0.000000
 0.7000	 0.065670	 0.248587	 0.005326	 0.015702	 0.000000
 0.7250	 	 	 	 	 0.000000
 0.7500	 0.078333	 0.273133	 0.006104	 0.016387	 0.000000
 0.7750	 	 	 	 	 0.000000
 0.8000	 0.092201	 0.297975	 0.006909	 0.016852	 0.000000
 0.8250	 	 	 	 	 0.000000
 0.8500	 0.107270	 0.322362	 0.007734	 0.017196	 0.000000
 0.8750	 	 	 	 	 0.000000
 0.9000	 0.123463	 0.343992	 0.008571	 0.017392	 0.000000
 0.9250	 	 	 	 	 0.000000
 0.9500	 0.140613	 0.361200	 0.009411	 0.017382	 0.000000
 0.9750	 	 	 	 	 0.000000
 1.0000	 0.158435	 0.370994	 0.010249	 0.017293	 0.000000


 -------- Mode No.   2  (freq = 0.72240E+00 Hz)

span_loc	flap disp	flap slope	lag disp	lag slope	twist

 0.0000	 0.000000	 0.000000	 0.000000	 0.000000	 0.000000
 0.0250	 	 	 	 	 0.000000
 0.0500	-0.000014	-0.000573	 0.000192	 0.007827	 0.000000
 0.0750	 	 	 	 	 0.000000
 0.1000	-0.000056	-0.001165	 0.000834	 0.018537	 0.000000
 0.1250	 	 	 	 	 0.000000
 0.1500	-0.000114	-0.001255	 0.002077	 0.032609	 0.000000
 0.1750	 	 	 	 	 0.000000
 0.2000	-0.000182	-0.001631	 0.004087	 0.050186	 0.000000
 0.2250	 	 	 	 	 0.000000
 0.2500	-0.000278	-0.002389	 0.007013	 0.070386	 0.000000
 0.2750	 	 	 	 	 0.000000
 0.3000	-0.000415	-0.003364	 0.010927	 0.091009	 0.000000
 0.3250	 	 	 	 	 0.000000
 0.3500	-0.000612	-0.004830	 0.015833	 0.111341	 0.000000
 0.3750	 	 	 	 	 0.000000
 0.4000	-0.000893	-0.006776	 0.021713	 0.131240	 0.000000
 0.4250	 	 	 	 	 0.000000
 0.4500	-0.001278	-0.009156	 0.028527	 0.149901	 0.000000
 0.4750	 	 	 	 	 0.000000
 0.5000	-0.001791	-0.012033	 0.036209	 0.167145	 0.000000
 0.5250	 	 	 	 	 0.000000
 0.5500	-0.002460	-0.015555	 0.044686	 0.182762	 0.000000
 0.5750	 	 	 	 	 0.000000
 0.6000	-0.003314	-0.019624	 0.053917	 0.198189	 0.000000
 0.6250	 	 	 	 	 0.000000
 0.6500	-0.004377	-0.024161	 0.063986	 0.217134	 0.000000
 0.6750	 	 	 	 	 0.000000
 0.7000	-0.005666	-0.028864	 0.075106	 0.241090	 0.000000
 0.7250	 	 	 	 	 0.000000
 0.7500	-0.007193	-0.033966	 0.087389	 0.264955	 0.000000
 0.7750	 	 	 	 	 0.000000
 0.8000	-0.008983	-0.039596	 0.100814	 0.287997	 0.000000
 0.8250	 	 	 	 	 0.000000
 0.8500	-0.011055	-0.045447	 0.115358	 0.310800	 0.000000
 0.8750	 	 	 	 	 0.000000
 0.9000	-0.013403	-0.050809	 0.130908	 0.329405	 0.000000
 0.9250	 	 	 	 	 0.000000
 0.9500	-0.015992	-0.055211	 0.147176	 0.340686	 0.000000
 0.9750	 	 	 	 	 0.000000
 1.0000	-0.018754	-0.057744	 0.163797	 0.344727	 0.000000


 -------- Mode No.   3  (freq = 0.15655E+01 Hz)

span_loc	flap disp	flap slope	lag disp	lag slope	twist

 0.0000	 0.000000	 0.000000	 0.000000	 0.000000	 0.000000
 0.0250	 	 	 	 	 0.000000
 0.0500	 0.000088	 0.003531	-0.000002	-0.000082	 0.000000
 0.0750	 	 	 	 	 0.000000
 0.1000	 0.000380	 0.008402	-0.000006	-0.000087	 0.000000
 0.1250	 	 	 	 	 0.000000
 0.1500	 0.000977	 0.016023	 0.000000	 0.000282	 0.000000
 0.1750	 	 	 	 	 0.000000
 0.2000	 0.001972	 0.024720	 0.000022	 0.000590	 0.000000
 0.2250	 	 	 	 	 0.000000
 0.2500	 0.003388	 0.033338	 0.000056	 0.000764	 0.000000
 0.2750	 	 	 	 	 0.000000
 0.3000	 0.005201	 0.040950	 0.000096	 0.000846	 0.000000
 0.3250	 	 	 	 	 0.000000
 0.3500	 0.007303	 0.045296	 0.000133	 0.000680	 0.000000
 0.3750	 	 	 	 	 0.000000
 0.4000	 0.009525	 0.045787	 0.000158	 0.000323	 0.000000
 0.4250	 	 	 	 	 0.000000
 0.4500	 0.011642	 0.040969	 0.000161	-0.000204	 0.000000
 0.4750	 	 	 	 	 0.000000
 0.5000	 0.013360	 0.029346	 0.000135	-0.000865	 0.000000
 0.5250	 	 	 	 	 0.000000
 0.5500	 0.014290	 0.008564	 0.000075	-0.001609	 0.000000
 0.5750	 	 	 	 	 0.000000
 0.6000	 0.013963	-0.022212	-0.000022	-0.002344	 0.000000
 0.6250	 	 	 	 	 0.000000
 0.6500	 0.011873	-0.063667	-0.000154	-0.003055	 0.000000
 0.6750	 	 	 	 	 0.000000
 0.7000	 0.007531	-0.114356	-0.000320	-0.003723	 0.000000
 0.7250	 	 	 	 	 0.000000
 0.7500	 0.000409	-0.177176	-0.000510	-0.004036	 0.000000
 0.7750	 	 	 	 	 0.000000
 0.8000	-0.010132	-0.253510	-0.000699	-0.003684	 0.000000
 0.8250	 	 	 	 	 0.000000
 0.8500	-0.024702	-0.340720	-0.000854	-0.002771	 0.000000
 0.8750	 	 	 	 	 0.000000
 0.9000	-0.043586	-0.428195	-0.000954	-0.001523	 0.000000
 0.9250	 	 	 	 	 0.000000
 0.9500	-0.066567	-0.505087	-0.000984	-0.000083	 0.000000
 0.9750	 	 	 	 	 0.000000
 1.0000	-0.092690	-0.552133	-0.000953	 0.000892	 0.000000


 -------- Mode No.   4  (freq = 0.22259E+01 Hz)

span_loc	flap disp	flap slope	lag disp	lag slope	twist

 0.0000	 0.000000	 0.000000	 0.000000	 0.000000	 0.000000
 0.0250	 	 	 	 	 0.000000
 0.0500	 0.000000	-0.000021	 0.000150	 0.006023	 0.000000
 0.0750	 	 	 	 	 0.000000
 0.1000	 0.000002	 0.000116	 0.000626	 0.013373	 0.000000
 0.1250	 	 	 	 	 0.000000
 0.1500	 0.000027	 0.000835	 0.001483	 0.021678	 0.000000
 0.1750	 	 	 	 	 0.000000
 0.2000	 0.000083	 0.001398	 0.002746	 0.030019	 0.000000
 0.2250	 	 	 	 	 0.000000
 0.2500	 0.000158	 0.001645	 0.004380	 0.036898	 0.000000
 0.2750	 	 	 	 	 0.000000
 0.3000	 0.000237	 0.001522	 0.006272	 0.040687	 0.000000
 0.3250	 	 	 	 	 0.000000
 0.3500	 0.000298	 0.000934	 0.008256	 0.040676	 0.000000
 0.3750	 	 	 	 	 0.000000
 0.4000	 0.000317	-0.000139	 0.010134	 0.036372	 0.000000
 0.4250	 	 	 	 	 0.000000
 0.4500	 0.000277	-0.001527	 0.011695	 0.027659	 0.000000
 0.4750	 	 	 	 	 0.000000
 0.5000	 0.000163	-0.003102	 0.012726	 0.014600	 0.000000
 0.5250	 	 	 	 	 0.000000
 0.5500	-0.000028	-0.004641	 0.013024	-0.002452	 0.000000
 0.5750	 	 	 	 	 0.000000
 0.6000	-0.000280	-0.005586	 0.012354	-0.025154	 0.000000
 0.6250	 	 	 	 	 0.000000
 0.6500	-0.000550	-0.005385	 0.010251	-0.061113	 0.000000
 0.6750	 	 	 	 	 0.000000
 0.7000	-0.000773	-0.003636	 0.005872	-0.118068	 0.000000
 0.7250	 	 	 	 	 0.000000
 0.7500	-0.000854	 0.000383	-0.001600	-0.187440	 0.000000
 0.7750	 	 	 	 	 0.000000
 0.8000	-0.000657	 0.007654	-0.012730	-0.267215	 0.000000
 0.8250	 	 	 	 	 0.000000
 0.8500	-0.000018	 0.018019	-0.028077	-0.358585	 0.000000
 0.8750	 	 	 	 	 0.000000
 0.9000	 0.001175	 0.029848	-0.047729	-0.442467	 0.000000
 0.9250	 	 	 	 	 0.000000
 0.9500	 0.002959	 0.041386	-0.070780	-0.498295	 0.000000
 0.9750	 	 	 	 	 0.000000
 1.0000	 0.005228	 0.048800	-0.095647	-0.519633	 0.000000


 -------- Mode No.   5  (freq = 0.31508E+01 Hz)

span_loc	flap disp	flap slope	lag disp	lag slope	twist

 0.0000	 0.000000	 0.000000	 0.000000	 0.000000	 0.000000
 0.0250	 	 	 	 	 0.000000
 0.0500	 0.000110	 0.004385	-0.000005	-0.000190	 0.000000
 0.0750	 	 	 	 	 0.000000
 0.1000	 0.000462	 0.009895	-0.000016	-0.000297	 0.000000
 0.1250	 	 	 	 	 0.000000
 0.1500	 0.001133	 0.017371	-0.000024	-0.000046	 0.000000
 0.1750	 	 	 	 	 0.000000
 0.2000	 0.002152	 0.024114	-0.000022	 0.000076	 0.000000
 0.2250	 	 	 	 	 0.000000
 0.2500	 0.003436	 0.028154	-0.000019	 0.000019	 0.000000
 0.2750	 	 	 	 	 0.000000
 0.3000	 0.004806	 0.027624	-0.000023	-0.000201	 0.000000
 0.3250	 	 	 	 	 0.000000
 0.3500	 0.006012	 0.021434	-0.000041	-0.000542	 0.000000
 0.3750	 	 	 	 	 0.000000
 0.4000	 0.006744	 0.008263	-0.000078	-0.000965	 0.000000
 0.4250	 	 	 	 	 0.000000
 0.4500	 0.006686	-0.010839	-0.000134	-0.001312	 0.000000
 0.4750	 	 	 	 	 0.000000
 0.5000	 0.005569	-0.034861	-0.000203	-0.001479	 0.000000
 0.5250	 	 	 	 	 0.000000
 0.5500	 0.003204	-0.061505	-0.000273	-0.001364	 0.000000
 0.5750	 	 	 	 	 0.000000
 0.6000	-0.000371	-0.083770	-0.000326	-0.000766	 0.000000
 0.6250	 	 	 	 	 0.000000
 0.6500	-0.004736	-0.093280	-0.000331	 0.000598	 0.000000
 0.6750	 	 	 	 	 0.000000
 0.7000	-0.009030	-0.080630	-0.000244	 0.002901	 0.000000
 0.7250	 	 	 	 	 0.000000
 0.7500	-0.011892	-0.034957	-0.000037	 0.005456	 0.000000
 0.7750	 	 	 	 	 0.000000
 0.8000	-0.011367	 0.056224	 0.000283	 0.007451	 0.000000
 0.8250	 	 	 	 	 0.000000
 0.8500	-0.005022	 0.198609	 0.000676	 0.008476	 0.000000
 0.8750	 	 	 	 	 0.000000
 0.9000	 0.009332	 0.376003	 0.001077	 0.008045	 0.000000
 0.9250	 	 	 	 	 0.000000
 0.9500	 0.032822	 0.558612	 0.001403	 0.005897	 0.000000
 0.9750	 	 	 	 	 0.000000
 1.0000	 0.064293	 0.682735	 0.001611	 0.003776	 0.000000


 -------- Mode No.   6  (freq = 0.44815E+01 Hz)

span_loc	flap disp	flap slope	lag disp	lag slope	twist

 0.0000	 0.000000	 0.000000	 0.000000	 0.000000	 0.000000
 0.0250	 	 	 	 	 0.000000
 0.0500	 0.000007	 0.000275	 0.000242	 0.009559	 0.000000
 0.0750	 	 	 	 	 0.000000
 0.1000	 0.000035	 0.000831	 0.000969	 0.019801	 0.000000
 0.1250	 	 	 	 	 0.000000
 0.1500	 0.000109	 0.002054	 0.002173	 0.029088	 0.000000
 0.1750	 	 	 	 	 0.000000
 0.2000	 0.000227	 0.002659	 0.003748	 0.034952	 0.000000
 0.2250	 	 	 	 	 0.000000
 0.2500	 0.000352	 0.002350	 0.005462	 0.034783	 0.000000
 0.2750	 	 	 	 	 0.000000
 0.3000	 0.000433	 0.000906	 0.006989	 0.027319	 0.000000
 0.3250	 	 	 	 	 0.000000
 0.3500	 0.000427	-0.001139	 0.007979	 0.012874	 0.000000
 0.3750	 	 	 	 	 0.000000
 0.4000	 0.000308	-0.003671	 0.008116	-0.007572	 0.000000
 0.4250	 	 	 	 	 0.000000
 0.4500	 0.000075	-0.005750	 0.007171	-0.031282	 0.000000
 0.4750	 	 	 	 	 0.000000
 0.5000	-0.000233	-0.006610	 0.005058	-0.055240	 0.000000
 0.5250	 	 	 	 	 0.000000
 0.5500	-0.000531	-0.005340	 0.001854	-0.075870	 0.000000
 0.5750	 	 	 	 	 0.000000
 0.6000	-0.000698	-0.001355	-0.002233	-0.091127	 0.000000
 0.6250	 	 	 	 	 0.000000
 0.6500	-0.000611	 0.004879	-0.006859	-0.097044	 0.000000
 0.6750	 	 	 	 	 0.000000
 0.7000	-0.000203	 0.011451	-0.011188	-0.077901	 0.000000
 0.7250	 	 	 	 	 0.000000
 0.7500	 0.000481	 0.015740	-0.013625	-0.020082	 0.000000
 0.7750	 	 	 	 	 0.000000
 0.8000	 0.001210	 0.013041	-0.012033	 0.084682	 0.000000
 0.8250	 	 	 	 	 0.000000
 0.8500	 0.001514	-0.000981	-0.003841	 0.244784	 0.000000
 0.8750	 	 	 	 	 0.000000
 0.9000	 0.000809	-0.026412	 0.012811	 0.423746	 0.000000
 0.9250	 	 	 	 	 0.000000
 0.9500	-0.001400	-0.058926	 0.037295	 0.560591	 0.000000
 0.9750	 	 	 	 	 0.000000
 1.0000	-0.005131	-0.083516	 0.066463	 0.617802	 0.000000


 -------- Mode No.   7  (freq = 0.54136E+01 Hz)

span_loc	flap disp	flap slope	lag disp	lag slope	twist

 0.0000	 0.000000	 0.000000	 0.000000	 0.000000	 0.000000
 0.0250	 	 	 	 	 0.000000
 0.0500	 0.000156	 0.006113	-0.000012	-0.000477	 0.000000
 0.0750	 	 	 	 	 0.000000
 0.1000	 0.000628	 0.012900	-0.000044	-0.000820	 0.000000
 0.1250	 	 	 	 	 0.000000
 0.1500	 0.001450	 0.020191	-0.000081	-0.000744	 0.000000
 0.1750	 	 	 	 	 0.000000
 0.2000	 0.002538	 0.023743	-0.000117	-0.000782	 0.000000
 0.2250	 	 	 	 	 0.000000
 0.2500	 0.003645	 0.020985	-0.000158	-0.000876	 0.000000
 0.2750	 	 	 	 	 0.000000
 0.3000	 0.004418	 0.010054	-0.000204	-0.001019	 0.000000
 0.3250	 	 	 	 	 0.000000
 0.3500	 0.004506	-0.006712	-0.000252	-0.000901	 0.000000
 0.3750	 	 	 	 	 0.000000
 0.4000	 0.003643	-0.028418	-0.000288	-0.000514	 0.000000
 0.4250	 	 	 	 	 0.000000
 0.4500	 0.001750	-0.048272	-0.000295	 0.000302	 0.000000
 0.4750	 	 	 	 	 0.000000
 0.5000	-0.000922	-0.059562	-0.000252	 0.001510	 0.000000
 0.5250	 	 	 	 	 0.000000
 0.5500	-0.003743	-0.053805	-0.000144	 0.002940	 0.000000
 0.5750	 	 	 	 	 0.000000
 0.6000	-0.005697	-0.024447	 0.000035	 0.004315	 0.000000
 0.6250	 	 	 	 	 0.000000
 0.6500	-0.005633	 0.027096	 0.000269	 0.005110	 0.000000
 0.6750	 	 	 	 	 0.000000
 0.7000	-0.002797	 0.086152	 0.000501	 0.004192	 0.000000
 0.7250	 	 	 	 	 0.000000
 0.7500	 0.002659	 0.130408	 0.000624	 0.000710	 0.000000
 0.7750	 	 	 	 	 0.000000
 0.8000	 0.009014	 0.120128	 0.000513	-0.005039	 0.000000
 0.8250	 	 	 	 	 0.000000
 0.8500	 0.012304	 0.008087	 0.000087	-0.011824	 0.000000
 0.8750	 	 	 	 	 0.000000
 0.9000	 0.006857	-0.222122	-0.000622	-0.016588	 0.000000
 0.9250	 	 	 	 	 0.000000
 0.9500	-0.012678	-0.533651	-0.001421	-0.016332	 0.000000
 0.9750	 	 	 	 	 0.000000
 1.0000	-0.047321	-0.781317	-0.002104	-0.013347	 0.000000


 -------- Mode No.   8  (freq = 0.77363E+01 Hz)

span_loc	flap disp	flap slope	lag disp	lag slope	twist

 0.0000	 0.000000	 0.000000	 0.000000	 0.000000	 0.000000
 0.0250	 	 	 	 	 0.000000
 0.0500	-0.000048	-0.001838	-0.000290	-0.011228	 0.000000
 0.0750	 	 	 	 	 0.000000
 0.1000	-0.000191	-0.003871	-0.001102	-0.021225	 0.000000
 0.1250	 	 	 	 	 0.000000
 0.1500	-0.000436	-0.005775	-0.002299	-0.026916	 0.000000
 0.1750	 	 	 	 	 0.000000
 0.2000	-0.000713	-0.005252	-0.003588	-0.025023	 0.000000
 0.2250	 	 	 	 	 0.000000
 0.2500	-0.000894	-0.001963	-0.004559	-0.014054	 0.000000
 0.2750	 	 	 	 	 0.000000
 0.3000	-0.000847	 0.003880	-0.004815	 0.003892	 0.000000
 0.3250	 	 	 	 	 0.000000
 0.3500	-0.000517	 0.009382	-0.004113	 0.024763	 0.000000
 0.3750	 	 	 	 	 0.000000
 0.4000	 0.000042	 0.012973	-0.002425	 0.043745	 0.000000
 0.4250	 	 	 	 	 0.000000
 0.4500	 0.000664	 0.011835	 0.000007	 0.054863	 0.000000
 0.4750	 	 	 	 	 0.000000
 0.5000	 0.001081	 0.004753	 0.002690	 0.053845	 0.000000
 0.5250	 	 	 	 	 0.000000
 0.5500	 0.001011	-0.007524	 0.004977	 0.038887	 0.000000
 0.5750	 	 	 	 	 0.000000
 0.6000	 0.000326	-0.019463	 0.006156	 0.008981	 0.000000
 0.6250	 	 	 	 	 0.000000
 0.6500	-0.000754	-0.022912	 0.005317	-0.042290	 0.000000
 0.6750	 	 	 	 	 0.000000
 0.7000	-0.001633	-0.011414	 0.001491	-0.109530	 0.000000
 0.7250	 	 	 	 	 0.000000
 0.7500	-0.001526	 0.015624	-0.005008	-0.147674	 0.000000
 0.7750	 	 	 	 	 0.000000
 0.8000	 0.000067	 0.045613	-0.011595	-0.111756	 0.000000
 0.8250	 	 	 	 	 0.000000
 0.8500	 0.002521	 0.047797	-0.013334	 0.045259	 0.000000
 0.8750	 	 	 	 	 0.000000
 0.9000	 0.003531	-0.009970	-0.004452	 0.305037	 0.000000
 0.9250	 	 	 	 	 0.000000
 0.9500	-0.000282	-0.132386	 0.017367	 0.552796	 0.000000
 0.9750	 	 	 	 	 0.000000
 1.0000	-0.010835	-0.249492	 0.048315	 0.670563	 0.000000


 -------- Mode No.   9  (freq = 0.82325E+01 Hz)

span_loc	flap disp	flap slope	lag disp	lag slope	twist

 0.0000	 0.000000	 0.000000	 0.000000	 0.000000	 0.000000
 0.0250	 	 	 	 	 0.000000
 0.0500	-0.000183	-0.007063	 0.000039	 0.001502	 0.000000
 0.0750	 	 	 	 	 0.000000
 0.1000	-0.000704	-0.013721	 0.000142	 0.002644	 0.000000
 0.1250	 	 	 	 	 0.000000
 0.1500	-0.001508	-0.018303	 0.000281	 0.002981	 0.000000
 0.1750	 	 	 	 	 0.000000
 0.2000	-0.002370	-0.016184	 0.000421	 0.002724	 0.000000
 0.2250	 	 	 	 	 0.000000
 0.2500	-0.002927	-0.006018	 0.000529	 0.001630	 0.000000
 0.2750	 	 	 	 	 0.000000
 0.3000	-0.002799	 0.011388	 0.000570	-0.000055	 0.000000
 0.3250	 	 	 	 	 0.000000
 0.3500	-0.001805	 0.028733	 0.000511	-0.002391	 0.000000
 0.3750	 	 	 	 	 0.000000
 0.4000	-0.000070	 0.040839	 0.000335	-0.004816	 0.000000
 0.4250	 	 	 	 	 0.000000
 0.4500	 0.001925	 0.038881	 0.000052	-0.006691	 0.000000
 0.4750	 	 	 	 	 0.000000
 0.5000	 0.003361	 0.018249	-0.000293	-0.007283	 0.000000
 0.5250	 	 	 	 	 0.000000
 0.5500	 0.003324	-0.019765	-0.000623	-0.006003	 0.000000
 0.5750	 	 	 	 	 0.000000
 0.6000	 0.001327	-0.058911	-0.000827	-0.002208	 0.000000
 0.6250	 	 	 	 	 0.000000
 0.6500	-0.002047	-0.073320	-0.000751	 0.005211	 0.000000
 0.6750	 	 	 	 	 0.000000
 0.7000	-0.004956	-0.040136	-0.000235	 0.015188	 0.000000
 0.7250	 	 	 	 	 0.000000
 0.7500	-0.004845	 0.044794	 0.000670	 0.020408	 0.000000
 0.7750	 	 	 	 	 0.000000
 0.8000	 0.000059	 0.143869	 0.001546	 0.013999	 0.000000
 0.8250	 	 	 	 	 0.000000
 0.8500	 0.007989	 0.157038	 0.001684	-0.008480	 0.000000
 0.8750	 	 	 	 	 0.000000
 0.9000	 0.011413	-0.031255	 0.000429	-0.040607	 0.000000
 0.9250	 	 	 	 	 0.000000
 0.9500	-0.001267	-0.445038	-0.002227	-0.064402	 0.000000
 0.9750	 	 	 	 	 0.000000
 1.0000	-0.037140	-0.850767	-0.005554	-0.070314	 0.000000


 -------- Mode No.  10  (freq = 0.11540E+02 Hz)

span_loc	flap disp	flap slope	lag disp	lag slope	twist

 0.0000	 0.000000	 0.000000	 0.000000	 0.000000	 0.000000
 0.0250	 	 	 	 	 0.000000
 0.0500	-0.000222	-0.008410	-0.000085	-0.003204	 0.000000
 0.0750	 	 	 	 	 0.000000
 0.1000	-0.000814	-0.014900	-0.000307	-0.005560	 0.000000
 0.1250	 	 	 	 	 0.000000
 0.1500	-0.001596	-0.015853	-0.000594	-0.005762	 0.000000
 0.1750	 	 	 	 	 0.000000
 0.2000	-0.002173	-0.006869	-0.000808	-0.002746	 0.000000
 0.2250	 	 	 	 	 0.000000
 0.2500	-0.002102	 0.009848	-0.000812	 0.002594	 0.000000
 0.2750	 	 	 	 	 0.000000
 0.3000	-0.001146	 0.028183	-0.000544	 0.008097	 0.000000
 0.3250	 	 	 	 	 0.000000
 0.3500	 0.000469	 0.035996	-0.000064	 0.011135	 0.000000
 0.3750	 	 	 	 	 0.000000
 0.4000	 0.002050	 0.026421	 0.000469	 0.010190	 0.000000
 0.4250	 	 	 	 	 0.000000
 0.4500	 0.002695	-0.001097	 0.000848	 0.005026	 0.000000
 0.4750	 	 	 	 	 0.000000
 0.5000	 0.001750	-0.035904	 0.000901	-0.002860	 0.000000
 0.5250	 	 	 	 	 0.000000
 0.5500	-0.000619	-0.056038	 0.000562	-0.010650	 0.000000
 0.5750	 	 	 	 	 0.000000
 0.6000	-0.003008	-0.036005	-0.000101	-0.015829	 0.000000
 0.6250	 	 	 	 	 0.000000
 0.6500	-0.003308	 0.024777	-0.000891	-0.015459	 0.000000
 0.6750	 	 	 	 	 0.000000
 0.7000	-0.000443	 0.084642	-0.001369	-0.003081	 0.000000
 0.7250	 	 	 	 	 0.000000
 0.7500	 0.003929	 0.080002	-0.000955	 0.019360	 0.000000
 0.7750	 	 	 	 	 0.000000
 0.8000	 0.005169	-0.034650	 0.000554	 0.039034	 0.000000
 0.8250	 	 	 	 	 0.000000
 0.8500	-0.000796	-0.184547	 0.002403	 0.030802	 0.000000
 0.8750	 	 	 	 	 0.000000
 0.9000	-0.009758	-0.136439	 0.002519	-0.028200	 0.000000
 0.9250	 	 	 	 	 0.000000
 0.9500	-0.005247	 0.306772	-0.001252	-0.116178	 0.000000
 0.9750	 	 	 	 	 0.000000
 1.0000	 0.029753	 0.882867	-0.008877	-0.172664	 0.000000


 -------- Mode No.  11  (freq = 0.12021E+02 Hz)

span_loc	flap disp	flap slope	lag disp	lag slope	twist

 0.0000	 0.000000	 0.000000	 0.000000	 0.000000	 0.000000
 0.0250	 	 	 	 	 0.000000
 0.0500	 0.000117	 0.004410	-0.000375	-0.014128	 0.000000
 0.0750	 	 	 	 	 0.000000
 0.1000	 0.000416	 0.007403	-0.001326	-0.023363	 0.000000
 0.1250	 	 	 	 	 0.000000
 0.1500	 0.000792	 0.007468	-0.002491	-0.022947	 0.000000
 0.1750	 	 	 	 	 0.000000
 0.2000	 0.001063	 0.003261	-0.003338	-0.010795	 0.000000
 0.2250	 	 	 	 	 0.000000
 0.2500	 0.001034	-0.004543	-0.003353	 0.010330	 0.000000
 0.2750	 	 	 	 	 0.000000
 0.3000	 0.000593	-0.013124	-0.002306	 0.031825	 0.000000
 0.3250	 	 	 	 	 0.000000
 0.3500	-0.000173	-0.017363	-0.000385	 0.045264	 0.000000
 0.3750	 	 	 	 	 0.000000
 0.4000	-0.000957	-0.013612	 0.001835	 0.043690	 0.000000
 0.4250	 	 	 	 	 0.000000
 0.4500	-0.001328	-0.000954	 0.003543	 0.024552	 0.000000
 0.4750	 	 	 	 	 0.000000
 0.5000	-0.000942	 0.016134	 0.003960	-0.008020	 0.000000
 0.5250	 	 	 	 	 0.000000
 0.5500	 0.000175	 0.027275	 0.002676	-0.043491	 0.000000
 0.5750	 	 	 	 	 0.000000
 0.6000	 0.001386	 0.019356	-0.000182	-0.070543	 0.000000
 0.6250	 	 	 	 	 0.000000
 0.6500	 0.001645	-0.009642	-0.003813	-0.072582	 0.000000
 0.6750	 	 	 	 	 0.000000
 0.7000	 0.000333	-0.040422	-0.006116	-0.016344	 0.000000
 0.7250	 	 	 	 	 0.000000
 0.7500	-0.001830	-0.040900	-0.004277	 0.088209	 0.000000
 0.7750	 	 	 	 	 0.000000
 0.8000	-0.002561	 0.014409	 0.002516	 0.172800	 0.000000
 0.8250	 	 	 	 	 0.000000
 0.8500	 0.000338	 0.092242	 0.010363	 0.123495	 0.000000
 0.8750	 	 	 	 	 0.000000
 0.9000	 0.004935	 0.071401	 0.010186	-0.134982	 0.000000
 0.9250	 	 	 	 	 0.000000
 0.9500	 0.002694	-0.158134	-0.005671	-0.471780	 0.000000
 0.9750	 	 	 	 	 0.000000
 1.0000	-0.015666	-0.464787	-0.034880	-0.651474	 0.000000


 -------- Mode No.  12  (freq = 0.15531E+02 Hz)

span_loc	flap disp	flap slope	lag disp	lag slope	twist

 0.0000	 0.000000	 0.000000	 0.000000	 0.000000	 0.000000
 0.0250	 	 	 	 	 0.000000
 0.0500	-0.000253	-0.009379	-0.000036	-0.001338	 0.000000
 0.0750	 	 	 	 	 0.000000
 0.1000	-0.000870	-0.014599	-0.000126	-0.002146	 0.000000
 0.1250	 	 	 	 	 0.000000
 0.1500	-0.001515	-0.010320	-0.000220	-0.001459	 0.000000
 0.1750	 	 	 	 	 0.000000
 0.2000	-0.001660	 0.004850	-0.000236	 0.000820	 0.000000
 0.2250	 	 	 	 	 0.000000
 0.2500	-0.000956	 0.022854	-0.000132	 0.003256	 0.000000
 0.2750	 	 	 	 	 0.000000
 0.3000	 0.000440	 0.031746	 0.000059	 0.004238	 0.000000
 0.3250	 	 	 	 	 0.000000
 0.3500	 0.001793	 0.021198	 0.000238	 0.002802	 0.000000
 0.3750	 	 	 	 	 0.000000
 0.4000	 0.002128	-0.008290	 0.000294	-0.000538	 0.000000
 0.4250	 	 	 	 	 0.000000
 0.4500	 0.000922	-0.038429	 0.000181	-0.003844	 0.000000
 0.4750	 	 	 	 	 0.000000
 0.5000	-0.001230	-0.044143	-0.000048	-0.005137	 0.000000
 0.5250	 	 	 	 	 0.000000
 0.5500	-0.002611	-0.008118	-0.000266	-0.003484	 0.000000
 0.5750	 	 	 	 	 0.000000
 0.6000	-0.001531	 0.048913	-0.000341	 0.000416	 0.000000
 0.6250	 	 	 	 	 0.000000
 0.6500	 0.001597	 0.067483	-0.000184	 0.005645	 0.000000
 0.6750	 	 	 	 	 0.000000
 0.7000	 0.003568	 0.004834	 0.000197	 0.008891	 0.000000
 0.7250	 	 	 	 	 0.000000
 0.7500	 0.001025	-0.098071	 0.000542	 0.004158	 0.000000
 0.7750	 	 	 	 	 0.000000
 0.8000	-0.004463	-0.097356	 0.000412	-0.009453	 0.000000
 0.8250	 	 	 	 	 0.000000
 0.8500	-0.004470	 0.099883	-0.000441	-0.022115	 0.000000
 0.8750	 	 	 	 	 0.000000
 0.9000	 0.005531	 0.242915	-0.001257	-0.006288	 0.000000
 0.9250	 	 	 	 	 0.000000
 0.9500	 0.008833	-0.151597	-0.000200	 0.046897	 0.000000
 0.9750	 	 	 	 	 0.000000
 1.0000	-0.025339	-0.929033	 0.003756	 0.094871	 0.000000


 -------- Mode No.  13  (freq = 0.17044E+02 Hz)

span_loc	flap disp	flap slope	lag disp	lag slope	twist

 0.0000	 0.000000	 0.000000	 0.000000	 0.000000	 0.000000
 0.0250	 	 	 	 	 0.000000
 0.0500	-0.000050	-0.001832	 0.000432	 0.015801	 0.000000
 0.0750	 	 	 	 	 0.000000
 0.1000	-0.000160	-0.002444	 0.001413	 0.022182	 0.000000
 0.1250	 	 	 	 	 0.000000
 0.1500	-0.000265	-0.001724	 0.002331	 0.013716	 0.000000
 0.1750	 	 	 	 	 0.000000
 0.2000	-0.000300	 0.000423	 0.002485	-0.007770	 0.000000
 0.2250	 	 	 	 	 0.000000
 0.2500	-0.000204	 0.003444	 0.001494	-0.031444	 0.000000
 0.2750	 	 	 	 	 0.000000
 0.3000	 0.000023	 0.005595	-0.000373	-0.042472	 0.000000
 0.3250	 	 	 	 	 0.000000
 0.3500	 0.000291	 0.004894	-0.002276	-0.032797	 0.000000
 0.3750	 	 	 	 	 0.000000
 0.4000	 0.000429	 0.000380	-0.003199	-0.003568	 0.000000
 0.4250	 	 	 	 	 0.000000
 0.4500	 0.000288	-0.005943	-0.002478	 0.032157	 0.000000
 0.4750	 	 	 	 	 0.000000
 0.5000	-0.000108	-0.009339	-0.000256	 0.055509	 0.000000
 0.5250	 	 	 	 	 0.000000
 0.5500	-0.000480	-0.004684	 0.002442	 0.050845	 0.000000
 0.5750	 	 	 	 	 0.000000
 0.6000	-0.000420	 0.007022	 0.004063	 0.012925	 0.000000
 0.6250	 	 	 	 	 0.000000
 0.6500	 0.000161	 0.014538	 0.002897	-0.057615	 0.000000
 0.6750	 	 	 	 	 0.000000
 0.7000	 0.000697	 0.004944	-0.001650	-0.113735	 0.000000
 0.7250	 	 	 	 	 0.000000
 0.7500	 0.000339	-0.018208	-0.006240	-0.057281	 0.000000
 0.7750	 	 	 	 	 0.000000
 0.8000	-0.000861	-0.024200	-0.004741	 0.114088	 0.000000
 0.8250	 	 	 	 	 0.000000
 0.8500	-0.001060	 0.018845	 0.004917	 0.237488	 0.000000
 0.8750	 	 	 	 	 0.000000
 0.9000	 0.001245	 0.059510	 0.012478	 0.028699	 0.000000
 0.9250	 	 	 	 	 0.000000
 0.9500	 0.002224	-0.034946	 0.000834	-0.463494	 0.000000
 0.9750	 	 	 	 	 0.000000
 1.0000	-0.006603	-0.242883	-0.032948	-0.785282	 0.000000


 -------- Mode No.  14  (freq = 0.20209E+02 Hz)

span_loc	flap disp	flap slope	lag disp	lag slope	twist

 0.0000	 0.000000	 0.000000	 0.000000	 0.000000	 0.000000
 0.0250	 	 	 	 	 0.000000
 0.0500	-0.000275	-0.009931	-0.000024	-0.000886	 0.000000
 0.0750	 	 	 	 	 0.000000
 0.1000	-0.000878	-0.013106	-0.000081	-0.001266	 0.000000
 0.1250	 	 	 	 	 0.000000
 0.1500	-0.001312	-0.003213	-0.000119	-0.000117	 0.000000
 0.1750	 	 	 	 	 0.000000
 0.2000	-0.000995	 0.015624	-0.000074	 0.001824	 0.000000
 0.2250	 	 	 	 	 0.000000
 0.2500	 0.000142	 0.028409	 0.000045	 0.002720	 0.000000
 0.2750	 	 	 	 	 0.000000
 0.3000	 0.001424	 0.020739	 0.000154	 0.001459	 0.000000
 0.3250	 	 	 	 	 0.000000
 0.3500	 0.001806	-0.006182	 0.000160	-0.001194	 0.000000
 0.3750	 	 	 	 	 0.000000
 0.4000	 0.000707	-0.035797	 0.000040	-0.003375	 0.000000
 0.4250	 	 	 	 	 0.000000
 0.4500	-0.001212	-0.036845	-0.000125	-0.002972	 0.000000
 0.4750	 	 	 	 	 0.000000
 0.5000	-0.002143	 0.002072	-0.000201	 0.000003	 0.000000
 0.5250	 	 	 	 	 0.000000
 0.5500	-0.000694	 0.051509	-0.000113	 0.003331	 0.000000
 0.5750	 	 	 	 	 0.000000
 0.6000	 0.001978	 0.045699	 0.000088	 0.004406	 0.000000
 0.6250	 	 	 	 	 0.000000
 0.6500	 0.002386	-0.031548	 0.000252	 0.001889	 0.000000
 0.6750	 	 	 	 	 0.000000
 0.7000	-0.000912	-0.086087	 0.000185	-0.004372	 0.000000
 0.7250	 	 	 	 	 0.000000
 0.7500	-0.003627	-0.007442	-0.000153	-0.008257	 0.000000
 0.7750	 	 	 	 	 0.000000
 0.8000	 0.000141	 0.136871	-0.000452	-0.002445	 0.000000
 0.8250	 	 	 	 	 0.000000
 0.8500	 0.005828	 0.047627	-0.000122	 0.014917	 0.000000
 0.8750	 	 	 	 	 0.000000
 0.9000	-0.000477	-0.255661	 0.000809	 0.016745	 0.000000
 0.9250	 	 	 	 	 0.000000
 0.9500	-0.010222	-0.019745	 0.000567	-0.028629	 0.000000
 0.9750	 	 	 	 	 0.000000
 1.0000	 0.021434	 0.941401	-0.002780	-0.085031	 0.000000


 -------- Mode No.  15  (freq = 0.23116E+02 Hz)

span_loc	flap disp	flap slope	lag disp	lag slope	twist

 0.0000	 0.000000	 0.000000	 0.000000	 0.000000	 0.000000
 0.0250	 	 	 	 	 0.000000
 0.0500	 0.000022	 0.000772	-0.000486	-0.017151	 0.000000
 0.0750	 	 	 	 	 0.000000
 0.1000	 0.000059	 0.000663	-0.001443	-0.019097	 0.000000
 0.1250	 	 	 	 	 0.000000
 0.1500	 0.000093	 0.000679	-0.001987	-0.001576	 0.000000
 0.1750	 	 	 	 	 0.000000
 0.2000	 0.000114	 0.000000	-0.001378	 0.025325	 0.000000
 0.2250	 	 	 	 	 0.000000
 0.2500	 0.000073	-0.001761	 0.000324	 0.040846	 0.000000
 0.2750	 	 	 	 	 0.000000
 0.3000	-0.000060	-0.003444	 0.002137	 0.029723	 0.000000
 0.3250	 	 	 	 	 0.000000
 0.3500	-0.000217	-0.002478	 0.002793	-0.004319	 0.000000
 0.3750	 	 	 	 	 0.000000
 0.4000	-0.000240	 0.001838	 0.001627	-0.041077	 0.000000
 0.4250	 	 	 	 	 0.000000
 0.4500	-0.000029	 0.006261	-0.000794	-0.052764	 0.000000
 0.4750	 	 	 	 	 0.000000
 0.5000	 0.000276	 0.005053	-0.002826	-0.025707	 0.000000
 0.5250	 	 	 	 	 0.000000
 0.5500	 0.000317	-0.003794	-0.002807	 0.026693	 0.000000
 0.5750	 	 	 	 	 0.000000
 0.6000	-0.000083	-0.010729	-0.000236	 0.072210	 0.000000
 0.6250	 	 	 	 	 0.000000
 0.6500	-0.000462	-0.002482	 0.003411	 0.064917	 0.000000
 0.6750	 	 	 	 	 0.000000
 0.7000	-0.000138	 0.014074	 0.004034	-0.043393	 0.000000
 0.7250	 	 	 	 	 0.000000
 0.7500	 0.000588	 0.010424	-0.001118	-0.143493	 0.000000
 0.7750	 	 	 	 	 0.000000
 0.8000	 0.000258	-0.022493	-0.006641	-0.051931	 0.000000
 0.8250	 	 	 	 	 0.000000
 0.8500	-0.001101	-0.019988	-0.002045	 0.213591	 0.000000
 0.8750	 	 	 	 	 0.000000
 0.9000	-0.000140	 0.053062	 0.009953	 0.190989	 0.000000
 0.9250	 	 	 	 	 0.000000
 0.9500	 0.002433	 0.014703	 0.005529	-0.362490	 0.000000
 0.9750	 	 	 	 	 0.000000
 1.0000	-0.005203	-0.234168	-0.028223	-0.825714	 0.000000


 -------- Mode No.  16  (freq = 0.25608E+02 Hz)

span_loc	flap disp	flap slope	lag disp	lag slope	twist

 0.0000	 0.000000	 0.000000	 0.000000	 0.000000	 0.000000
 0.0250	 	 	 	 	 0.000000
 0.0500	-0.000297	-0.010397	-0.000010	-0.000352	 0.000000
 0.0750	 	 	 	 	 0.000000
 0.1000	-0.000869	-0.011006	-0.000033	-0.000497	 0.000000
 0.1250	 	 	 	 	 0.000000
 0.1500	-0.001058	 0.004297	-0.000031	 0.000595	 0.000000
 0.1750	 	 	 	 	 0.000000
 0.2000	-0.000334	 0.023364	 0.000026	 0.001513	 0.000000
 0.2250	 	 	 	 	 0.000000
 0.2500	 0.000947	 0.025267	 0.000088	 0.000779	 0.000000
 0.2750	 	 	 	 	 0.000000
 0.3000	 0.001633	 0.000380	 0.000073	-0.001418	 0.000000
 0.3250	 	 	 	 	 0.000000
 0.3500	 0.000852	-0.030082	-0.000035	-0.002640	 0.000000
 0.3750	 	 	 	 	 0.000000
 0.4000	-0.000905	-0.035288	-0.000141	-0.001293	 0.000000
 0.4250	 	 	 	 	 0.000000
 0.4500	-0.001821	 0.001612	-0.000125	 0.001958	 0.000000
 0.4750	 	 	 	 	 0.000000
 0.5000	-0.000509	 0.046264	 0.000031	 0.003857	 0.000000
 0.5250	 	 	 	 	 0.000000
 0.5500	 0.001753	 0.034199	 0.000184	 0.001876	 0.000000
 0.5750	 	 	 	 	 0.000000
 0.6000	 0.001606	-0.039831	 0.000161	-0.002678	 0.000000
 0.6250	 	 	 	 	 0.000000
 0.6500	-0.001444	-0.065225	-0.000069	-0.005797	 0.000000
 0.6750	 	 	 	 	 0.000000
 0.7000	-0.002492	 0.030692	-0.000281	-0.001848	 0.000000
 0.7250	 	 	 	 	 0.000000
 0.7500	 0.001570	 0.103995	-0.000130	 0.007385	 0.000000
 0.7750	 	 	 	 	 0.000000
 0.8000	 0.003390	-0.049404	 0.000349	 0.009773	 0.000000
 0.8250	 	 	 	 	 0.000000
 0.8500	-0.003601	-0.165836	 0.000422	-0.008360	 0.000000
 0.8750	 	 	 	 	 0.000000
 0.9000	-0.003637	 0.176906	-0.000560	-0.024475	 0.000000
 0.9250	 	 	 	 	 0.000000
 0.9500	 0.010068	 0.180512	-0.000847	 0.020194	 0.000000
 0.9750	 	 	 	 	 0.000000
 1.0000	-0.018169	-0.933187	 0.002705	 0.095046	 0.000000


 -------- Mode No.  17  (freq = 0.30284E+02 Hz)

span_loc	flap disp	flap slope	lag disp	lag slope	twist

 0.0000	 0.000000	 0.000000	 0.000000	 0.000000	 0.000000
 0.0250	 	 	 	 	 0.000000
 0.0500	-0.000030	-0.001056	-0.000491	-0.016641	 0.000000
 0.0750	 	 	 	 	 0.000000
 0.1000	-0.000089	-0.001087	-0.001301	-0.013131	 0.000000
 0.1250	 	 	 	 	 0.000000
 0.1500	-0.000064	 0.002074	-0.001377	 0.010708	 0.000000
 0.1750	 	 	 	 	 0.000000
 0.2000	 0.000095	 0.003667	-0.000205	 0.033997	 0.000000
 0.2250	 	 	 	 	 0.000000
 0.2500	 0.000206	 0.000294	 0.001501	 0.031013	 0.000000
 0.2750	 	 	 	 	 0.000000
 0.3000	 0.000064	-0.005576	 0.002285	-0.001192	 0.000000
 0.3250	 	 	 	 	 0.000000
 0.3500	-0.000234	-0.005276	 0.001269	-0.037754	 0.000000
 0.3750	 	 	 	 	 0.000000
 0.4000	-0.000297	 0.003274	-0.000920	-0.045556	 0.000000
 0.4250	 	 	 	 	 0.000000
 0.4500	 0.000071	 0.010072	-0.002422	-0.011384	 0.000000
 0.4750	 	 	 	 	 0.000000
 0.5000	 0.000439	 0.002715	-0.001693	 0.039127	 0.000000
 0.5250	 	 	 	 	 0.000000
 0.5500	 0.000151	-0.013020	 0.000896	 0.058827	 0.000000
 0.5750	 	 	 	 	 0.000000
 0.6000	-0.000503	-0.009055	 0.002989	 0.019776	 0.000000
 0.6250	 	 	 	 	 0.000000
 0.6500	-0.000303	 0.016129	 0.001656	-0.068291	 0.000000
 0.6750	 	 	 	 	 0.000000
 0.7000	 0.000630	 0.014137	-0.002870	-0.089154	 0.000000
 0.7250	 	 	 	 	 0.000000
 0.7500	 0.000279	-0.026206	-0.003709	 0.063009	 0.000000
 0.7750	 	 	 	 	 0.000000
 0.8000	-0.001076	-0.013294	 0.003125	 0.168376	 0.000000
 0.8250	 	 	 	 	 0.000000
 0.8500	 0.000374	 0.057435	 0.006082	-0.077597	 0.000000
 0.8750	 	 	 	 	 0.000000
 0.9000	 0.001610	-0.030463	-0.005397	-0.288182	 0.000000
 0.9250	 	 	 	 	 0.000000
 0.9500	-0.003198	-0.085217	-0.008110	 0.228033	 0.000000
 0.9750	 	 	 	 	 0.000000
 1.0000	 0.005863	 0.319973	 0.023715	 0.828158	 0.000000


 -------- Mode No.  18  (freq = 0.31710E+02 Hz)

span_loc	flap disp	flap slope	lag disp	lag slope	twist

 0.0000	 0.000000	 0.000000	 0.000000	 0.000000	 0.000000
 0.0250	 	 	 	 	 0.000000
 0.0500	 0.000322	 0.010886	-0.000026	-0.000862	 0.000000
 0.0750	 	 	 	 	 0.000000
 0.1000	 0.000852	 0.008446	-0.000063	-0.000494	 0.000000
 0.1250	 	 	 	 	 0.000000
 0.1500	 0.000781	-0.011565	-0.000079	-0.000074	 0.000000
 0.1750	 	 	 	 	 0.000000
 0.2000	-0.000249	-0.026892	-0.000056	 0.001133	 0.000000
 0.2250	 	 	 	 	 0.000000
 0.2500	-0.001361	-0.014431	 0.000035	 0.002396	 0.000000
 0.2750	 	 	 	 	 0.000000
 0.3000	-0.001188	 0.021095	 0.000156	 0.002134	 0.000000
 0.3250	 	 	 	 	 0.000000
 0.3500	 0.000393	 0.037370	 0.000190	-0.001064	 0.000000
 0.3750	 	 	 	 	 0.000000
 0.4000	 0.001625	 0.007104	 0.000040	-0.004701	 0.000000
 0.4250	 	 	 	 	 0.000000
 0.4500	 0.000703	-0.040293	-0.000200	-0.004176	 0.000000
 0.4750	 	 	 	 	 0.000000
 0.5000	-0.001433	-0.034819	-0.000270	 0.001715	 0.000000
 0.5250	 	 	 	 	 0.000000
 0.5500	-0.001406	 0.036213	-0.000026	 0.007397	 0.000000
 0.5750	 	 	 	 	 0.000000
 0.6000	 0.001344	 0.056029	 0.000319	 0.005351	 0.000000
 0.6250	 	 	 	 	 0.000000
 0.6500	 0.001853	-0.040379	 0.000303	-0.005850	 0.000000
 0.6750	 	 	 	 	 0.000000
 0.7000	-0.001752	-0.075684	-0.000234	-0.012730	 0.000000
 0.7250	 	 	 	 	 0.000000
 0.7500	-0.001917	 0.073280	-0.000520	 0.003099	 0.000000
 0.7750	 	 	 	 	 0.000000
 0.8000	 0.003499	 0.085264	 0.000210	 0.022094	 0.000000
 0.8250	 	 	 	 	 0.000000
 0.8500	 0.000194	-0.185868	 0.000902	-0.000789	 0.000000
 0.8750	 	 	 	 	 0.000000
 0.9000	-0.005905	 0.038282	-0.000468	-0.044053	 0.000000
 0.9250	 	 	 	 	 0.000000
 0.9500	 0.008859	 0.309506	-0.001502	 0.019912	 0.000000
 0.9750	 	 	 	 	 0.000000
 1.0000	-0.015281	-0.901230	 0.003840	 0.148231	 0.000000


 -------- Mode No.  19  (freq = 0.38318E+02 Hz)

span_loc	flap disp	flap slope	lag disp	lag slope	twist

 0.0000	 0.000000	 0.000000	 0.000000	 0.000000	 0.000000
 0.0250	 	 	 	 	 0.000000
 0.0500	 0.000224	 0.007329	 0.000363	 0.011766	 0.000000
 0.0750	 	 	 	 	 0.000000
 0.1000	 0.000535	 0.003658	 0.000845	 0.005280	 0.000000
 0.1250	 	 	 	 	 0.000000
 0.1500	 0.000297	-0.012560	 0.000587	-0.015200	 0.000000
 0.1750	 	 	 	 	 0.000000
 0.2000	-0.000512	-0.016660	-0.000488	-0.024738	 0.000000
 0.2250	 	 	 	 	 0.000000
 0.2500	-0.000894	 0.002955	-0.001344	-0.007110	 0.000000
 0.2750	 	 	 	 	 0.000000
 0.3000	-0.000116	 0.024911	-0.000948	 0.021903	 0.000000
 0.3250	 	 	 	 	 0.000000
 0.3500	 0.000954	 0.013330	 0.000461	 0.030703	 0.000000
 0.3750	 	 	 	 	 0.000000
 0.4000	 0.000668	-0.023571	 0.001444	 0.005855	 0.000000
 0.4250	 	 	 	 	 0.000000
 0.4500	-0.000809	-0.027368	 0.000834	-0.028284	 0.000000
 0.4750	 	 	 	 	 0.000000
 0.5000	-0.001021	 0.020633	-0.000808	-0.032196	 0.000000
 0.5250	 	 	 	 	 0.000000
 0.5500	 0.000815	 0.039406	-0.001586	 0.003605	 0.000000
 0.5750	 	 	 	 	 0.000000
 0.6000	 0.001170	-0.029002	-0.000269	 0.044545	 0.000000
 0.6250	 	 	 	 	 0.000000
 0.6500	-0.001264	-0.046065	 0.001905	 0.031682	 0.000000
 0.6750	 	 	 	 	 0.000000
 0.7000	-0.000970	 0.056685	 0.001106	-0.059621	 0.000000
 0.7250	 	 	 	 	 0.000000
 0.7500	 0.002215	 0.033053	-0.002422	-0.054258	 0.000000
 0.7750	 	 	 	 	 0.000000
 0.8000	-0.000776	-0.117560	-0.001074	 0.099511	 0.000000
 0.8250	 	 	 	 	 0.000000
 0.8500	-0.002465	 0.086779	 0.004212	 0.055898	 0.000000
 0.8750	 	 	 	 	 0.000000
 0.9000	 0.005020	 0.079035	-0.000664	-0.202693	 0.000000
 0.9250	 	 	 	 	 0.000000
 0.9500	-0.006009	-0.315134	-0.005968	 0.066225	 0.000000
 0.9750	 	 	 	 	 0.000000
 1.0000	 0.010869	 0.711435	 0.013194	 0.531311	 0.000000


 -------- Mode No.  20  (freq = 0.38912E+02 Hz)

span_loc	flap disp	flap slope	lag disp	lag slope	twist

 0.0000	 0.000000	 0.000000	 0.000000	 0.000000	 0.000000
 0.0250	 	 	 	 	 0.000000
 0.0500	 0.000322	 0.010443	-0.000242	-0.007787	 0.000000
 0.0750	 	 	 	 	 0.000000
 0.1000	 0.000752	 0.004719	-0.000552	-0.003153	 0.000000
 0.1250	 	 	 	 	 0.000000
 0.1500	 0.000443	-0.016443	-0.000399	 0.009193	 0.000000
 0.1750	 	 	 	 	 0.000000
 0.2000	-0.000644	-0.023161	 0.000274	 0.016041	 0.000000
 0.2250	 	 	 	 	 0.000000
 0.2500	-0.001249	 0.001295	 0.000877	 0.006407	 0.000000
 0.2750	 	 	 	 	 0.000000
 0.3000	-0.000333	 0.031820	 0.000725	-0.012399	 0.000000
 0.3250	 	 	 	 	 0.000000
 0.3500	 0.001151	 0.021499	-0.000184	-0.021741	 0.000000
 0.3750	 	 	 	 	 0.000000
 0.4000	 0.001031	-0.025810	-0.000994	-0.008180	 0.000000
 0.4250	 	 	 	 	 0.000000
 0.4500	-0.000813	-0.037972	-0.000744	 0.017712	 0.000000
 0.4750	 	 	 	 	 0.000000
 0.5000	-0.001385	 0.018859	 0.000453	 0.026268	 0.000000
 0.5250	 	 	 	 	 0.000000
 0.5500	 0.000763	 0.051209	 0.001230	 0.001817	 0.000000
 0.5750	 	 	 	 	 0.000000
 0.6000	 0.001533	-0.027546	 0.000366	-0.033310	 0.000000
 0.6250	 	 	 	 	 0.000000
 0.6500	-0.001312	-0.059897	-0.001407	-0.028551	 0.000000
 0.6750	 	 	 	 	 0.000000
 0.7000	-0.001343	 0.060830	-0.000998	 0.043047	 0.000000
 0.7250	 	 	 	 	 0.000000
 0.7500	 0.002527	 0.048203	 0.001781	 0.046862	 0.000000
 0.7750	 	 	 	 	 0.000000
 0.8000	-0.000582	-0.135935	 0.001060	-0.071993	 0.000000
 0.8250	 	 	 	 	 0.000000
 0.8500	-0.003093	 0.084616	-0.003277	-0.056446	 0.000000
 0.8750	 	 	 	 	 0.000000
 0.9000	 0.005493	 0.106490	 0.000104	 0.162256	 0.000000
 0.9250	 	 	 	 	 0.000000
 0.9500	-0.006077	-0.350425	 0.005350	-0.031831	 0.000000
 0.9750	 	 	 	 	 0.000000
 1.0000	 0.010895	 0.737876	-0.011542	-0.483378	 0.000000
=================================================================================
